<?xml version="1.0" encoding="UTF-8"?>
<testsuite name="PrimeFactorsTest" tests="3" skipped="0" failures="0" errors="0" timestamp="2017-09-08T12:31:47" hostname="CNrzhou.local" time="0.002">
  <properties/>
  <testcase name="should_return_prime_factors_when_give_non_prime" classname="PrimeFactorsTest" time="0.001"/>
  <testcase name="should_return_empty_when_give_1" classname="PrimeFactorsTest" time="0.0"/>
  <testcase name="should_return_itself_when_give_prime" classname="PrimeFactorsTest" time="0.001"/>
  <system-out><![CDATA[]]></system-out>
  <system-err><![CDATA[]]></system-err>
</testsuite>
