<?xml version="1.0" encoding="UTF-8"?>
<testsuite name="DiamondTest" tests="3" skipped="0" failures="0" errors="0" timestamp="2017-09-08T12:31:47" hostname="CNrzhou.local" time="0.004">
  <properties/>
  <testcase name="should_draw_diamond" classname="DiamondTest" time="0.003"/>
  <testcase name="should_draw_isosceles_triangle" classname="DiamondTest" time="0.001"/>
  <testcase name="should_draw_diamond_with_name" classname="DiamondTest" time="0.0"/>
  <system-out><![CDATA[]]></system-out>
  <system-err><![CDATA[]]></system-err>
</testsuite>
