<?xml version="1.0" encoding="UTF-8"?>
<testsuite name="TriangleTest" tests="3" skipped="0" failures="0" errors="0" timestamp="2017-09-08T12:31:47" hostname="CNrzhou.local" time="0.0">
  <properties/>
  <testcase name="should_draw_horizontal_line_with_asterisk" classname="TriangleTest" time="0.0"/>
  <testcase name="should_print_one_asterisk" classname="TriangleTest" time="0.0"/>
  <testcase name="should_draw_vertical_line_with_asterisk" classname="TriangleTest" time="0.0"/>
  <system-out><![CDATA[]]></system-out>
  <system-err><![CDATA[]]></system-err>
</testsuite>
